#
# A fatal error has been detected by the Java Runtime Environment:
#
#  EXCEPTION_ACCESS_VIOLATION (0xc0000005) at pc=0x0000000071d27066, pid=14404, tid=0x000000000000069c
#
# JRE version: Java(TM) SE Runtime Environment (8.0_181-b13) (build 1.8.0_181-b13)
# Java VM: Java HotSpot(TM) 64-Bit Server VM (25.181-b13 mixed mode windows-amd64 compressed oops)
# Problematic frame:
# V  [jvm.dll+0x237066]
#
# Failed to write core dump. Minidumps are not enabled by default on client versions of Windows
#
# If you would like to submit a bug report, please visit:
#   http://bugreport.java.com/bugreport/crash.jsp
#

---------------  T H R E A D  ---------------

Current thread (0x00000000030d3000):  JavaThread "main" [_thread_in_vm, id=1692, stack(0x0000000002f20000,0x0000000003020000)]

siginfo: ExceptionCode=0xc0000005, reading address 0x0000000000000008

Registers:
RAX=0x0000000000000000, RBX=0x000000000301f240, RCX=0x000000000301f240, RDX=0x0000000000000028
RSP=0x000000000301ef80, RBP=0x000000000301f380, RSI=0x000000001c130358, RDI=0x0000000000000000
R8 =0x0000000000000000, R9 =0x0000000000000006, R10=0x000000001c130358, R11=0x000000001c7032e0
R12=0x00000000030d2610, R13=0x0000000000000000, R14=0x000000000301f3b8, R15=0x00000000030d3760
RIP=0x0000000071d27066, EFLAGS=0x0000000000010202

Top of Stack: (sp=0x000000000301ef80)
0x000000000301ef80:   00000000725dfbc0 00000000725cbbeb
0x000000000301ef90:   00000000030d31f8 0000000071c99a0c
0x000000000301efa0:   000000001c702ae8 000000001c698790
0x000000000301efb0:   000000001c6f3fc0 00000000725d13bc
0x000000000301efc0:   00000000030d3103 00000000725d13bc
0x000000000301efd0:   000000001c702ae8 000000001c698700
0x000000000301efe0:   0000000000000000 0000000071d077ad
0x000000000301eff0:   000000001c702ae8 00000000725ccd47
0x000000000301f000:   000000001c698790 00000000030d31f8
0x000000000301f010:   00000000030d1fd0 0000000071d0e362
0x000000000301f020:   00000000030d3000 00000000725c8678
0x000000000301f030:   000000001c698700 00000000030d3103
0x000000000301f040:   000000001c6f4160 0000000071cb0a43
0x000000000301f050:   00000000030d3000 0000000071c34dbb
0x000000000301f060:   00000000030c8dc0 00000000030c8dc0
0x000000000301f070:   0000000000000000 0000000071cb0db4 

Instructions: (pc=0x0000000071d27066)
0x0000000071d27046:   01 00 00 48 8b 05 30 a8 5b 00 48 33 c4 48 89 84
0x0000000071d27056:   24 30 01 00 00 4c 63 41 10 48 8b 41 08 48 8b d9
0x0000000071d27066:   42 38 54 00 08 74 33 44 0f be c2 48 8d 4c 24 20
0x0000000071d27076:   48 8d 15 13 e3 3e 00 e8 ee ec de ff 48 8d 0d 97 


Register to memory mapping:

RAX=0x0000000000000000 is an unknown value
RBX=0x000000000301f240 is pointing into the stack for thread: 0x00000000030d3000
RCX=0x000000000301f240 is pointing into the stack for thread: 0x00000000030d3000
RDX=0x0000000000000028 is an unknown value
RSP=0x000000000301ef80 is pointing into the stack for thread: 0x00000000030d3000
RBP=0x000000000301f380 is pointing into the stack for thread: 0x00000000030d3000
RSI={method} {0x000000001c130360} 'main' '([Ljava/lang/String;)V' in 'git/GitTest'
RDI=0x0000000000000000 is an unknown value
R8 =0x0000000000000000 is an unknown value
R9 =0x0000000000000006 is an unknown value
R10={method} {0x000000001c130360} 'main' '([Ljava/lang/String;)V' in 'git/GitTest'
R11=0x000000001c7032e0 is an unknown value
R12=0x00000000030d2610 is an unknown value
R13=0x0000000000000000 is an unknown value
R14=0x000000000301f3b8 is pointing into the stack for thread: 0x00000000030d3000
R15=0x00000000030d3760 is an unknown value


Stack: [0x0000000002f20000,0x0000000003020000],  sp=0x000000000301ef80,  free space=1019k
Native frames: (J=compiled Java code, j=interpreted, Vv=VM code, C=native code)
V  [jvm.dll+0x237066]
V  [jvm.dll+0x23746f]
V  [jvm.dll+0x20e4a0]
V  [jvm.dll+0xbd13d]
C  0x000000000320475e

Java frames: (J=compiled Java code, j=interpreted, Vv=VM code)
j  git.GitTest.main([Ljava/lang/String;)V+13
v  ~StubRoutines::call_stub

---------------  P R O C E S S  ---------------

Java Threads: ( => current thread )
  0x000000001daff800 JavaThread "Service Thread" daemon [_thread_blocked, id=1552, stack(0x000000001e630000,0x000000001e730000)]
  0x000000001c719800 JavaThread "C1 CompilerThread2" daemon [_thread_blocked, id=2940, stack(0x000000001e530000,0x000000001e630000)]
  0x000000001c719000 JavaThread "C2 CompilerThread1" daemon [_thread_blocked, id=9788, stack(0x000000001e430000,0x000000001e530000)]
  0x000000001c715800 JavaThread "C2 CompilerThread0" daemon [_thread_blocked, id=3412, stack(0x000000001e330000,0x000000001e430000)]
  0x000000001c705800 JavaThread "JDWP Command Reader" daemon [_thread_in_native, id=11640, stack(0x000000001e230000,0x000000001e330000)]
  0x000000001c704000 JavaThread "JDWP Event Helper Thread" daemon [_thread_blocked, id=10756, stack(0x000000001e130000,0x000000001e230000)]
  0x000000001c6f5800 JavaThread "JDWP Transport Listener: dt_socket" daemon [_thread_blocked, id=12420, stack(0x000000001e030000,0x000000001e130000)]
  0x000000001c6ed000 JavaThread "Attach Listener" daemon [_thread_blocked, id=7324, stack(0x000000001df30000,0x000000001e030000)]
  0x000000001c6ea800 JavaThread "Signal Dispatcher" daemon [_thread_blocked, id=2816, stack(0x000000001de30000,0x000000001df30000)]
  0x000000001c6ba800 JavaThread "Finalizer" daemon [_thread_blocked, id=15248, stack(0x000000001d930000,0x000000001da30000)]
  0x00000000031c2000 JavaThread "Reference Handler" daemon [_thread_blocked, id=2292, stack(0x000000001d830000,0x000000001d930000)]
=>0x00000000030d3000 JavaThread "main" [_thread_in_vm, id=1692, stack(0x0000000002f20000,0x0000000003020000)]

Other Threads:
  0x000000001c697800 VMThread [stack: 0x000000001d730000,0x000000001d830000] [id=9200]
  0x000000001db00800 WatcherThread [stack: 0x000000001e730000,0x000000001e830000] [id=2856]

VM state:not at safepoint (normal execution)

VM Mutex/Monitor currently owned by a thread: None

Heap:
 PSYoungGen      total 75776K, used 5201K [0x000000076bb80000, 0x0000000771000000, 0x00000007c0000000)
  eden space 65024K, 8% used [0x000000076bb80000,0x000000076c0947e0,0x000000076fb00000)
  from space 10752K, 0% used [0x0000000770580000,0x0000000770580000,0x0000000771000000)
  to   space 10752K, 0% used [0x000000076fb00000,0x000000076fb00000,0x0000000770580000)
 ParOldGen       total 173568K, used 0K [0x00000006c3200000, 0x00000006cdb80000, 0x000000076bb80000)
  object space 173568K, 0% used [0x00000006c3200000,0x00000006c3200000,0x00000006cdb80000)
 Metaspace       used 2826K, capacity 4564K, committed 4864K, reserved 1056768K
  class space    used 302K, capacity 388K, committed 512K, reserved 1048576K

Card table byte_map: [0x0000000012590000,0x0000000012d80000] byte_map_base: 0x000000000ef77000

Marking Bits: (ParMarkBitMap*) 0x0000000072312d00
 Begin Bits: [0x00000000136d0000, 0x0000000017608000)
 End Bits:   [0x0000000017608000, 0x000000001b540000)

Polling page: 0x0000000000e20000

CodeCache: size=245760Kb used=1410Kb max_used=1422Kb free=244349Kb
 bounds [0x00000000031d0000, 0x0000000003440000, 0x00000000121d0000]
 total_blobs=342 nmethods=115 adapters=149
 compilation: enabled

Compilation events (10 events):
Event: 2.087 Thread 0x000000001c719000 nmethod 107 0x0000000003331210 code [0x0000000003331360, 0x0000000003331718]
Event: 2.087 Thread 0x000000001c719000  112       4       java.util.ArrayList$SubList$1::hasNext (20 bytes)
Event: 2.088 Thread 0x000000001c719000 nmethod 112 0x00000000032e83d0 code [0x00000000032e8500, 0x00000000032e85b8]
Event: 2.089 Thread 0x000000001c715800 nmethod 93% 0x0000000003334190 code [0x0000000003334360, 0x0000000003335440]
Event: 3.654 Thread 0x000000001c719800  113       3       java.util.HashMap::hash (20 bytes)
Event: 3.654 Thread 0x000000001c719800 nmethod 113 0x0000000003323d90 code [0x0000000003323f00, 0x0000000003324168]
Event: 3.656 Thread 0x000000001c719800  114       1       java.io.File::getPath (5 bytes)
Event: 3.656 Thread 0x000000001c719800 nmethod 114 0x0000000003333ed0 code [0x0000000003334020, 0x0000000003334130]
Event: 3.656 Thread 0x000000001c719800  115       3       java.util.Arrays::copyOf (19 bytes)
Event: 3.657 Thread 0x000000001c719800 nmethod 115 0x00000000033338d0 code [0x0000000003333a40, 0x0000000003333d88]

GC Heap History (0 events):
No events

Deoptimization events (0 events):
No events

Classes redefined (4 events):
Event: 394.696 Thread 0x000000001c697800 redefined class name=git.GenASTString, count=1
Event: 394.697 Thread 0x000000001c697800 redefined class name=git.GitTest, count=1
Event: 1594.489 Thread 0x000000001c697800 redefined class name=git.GenASTString, count=2
Event: 1627.271 Thread 0x000000001c697800 redefined class name=git.GitTest, count=2

Internal exceptions (2 events):
Event: 0.044 Thread 0x00000000030d3000 Exception <a 'java/lang/NoSuchMethodError': Method sun.misc.Unsafe.defineClass(Ljava/lang/String;[BII)Ljava/lang/Class; name or signature does not match> (0x000000076bb87cb0) thrown at [C:\re\workspace\8-2-build-windows-amd64-cygwin\jdk8u181\11358\hotspot
Event: 0.044 Thread 0x00000000030d3000 Exception <a 'java/lang/NoSuchMethodError': Method sun.misc.Unsafe.prefetchRead(Ljava/lang/Object;J)V name or signature does not match> (0x000000076bb87f98) thrown at [C:\re\workspace\8-2-build-windows-amd64-cygwin\jdk8u181\11358\hotspot\src\share\vm\prim

Events (10 events):
Event: 1627.279 Executing VM operation: ChangeBreakpoints
Event: 1627.279 Executing VM operation: ChangeBreakpoints done
Event: 1627.282 Executing VM operation: ChangeBreakpoints
Event: 1627.282 Executing VM operation: ChangeBreakpoints done
Event: 1627.283 Executing VM operation: EnterInterpOnlyMode
Event: 1627.283 Executing VM operation: EnterInterpOnlyMode done
Event: 1627.283 Executing VM operation: GetCurrentLocation
Event: 1627.283 Executing VM operation: GetCurrentLocation done
Event: 1627.283 Executing VM operation: ChangeSingleStep
Event: 1627.283 Executing VM operation: ChangeSingleStep done


Dynamic libraries:
0x00007ff6d9170000 - 0x00007ff6d91a7000 	C:\Program Files\Java\jre1.8.0_181\bin\javaw.exe
0x00007ffd22980000 - 0x00007ffd22b61000 	C:\WINDOWS\SYSTEM32\ntdll.dll
0x00007ffd21660000 - 0x00007ffd21712000 	C:\WINDOWS\System32\KERNEL32.DLL
0x00007ffd1ed50000 - 0x00007ffd1efc3000 	C:\WINDOWS\System32\KERNELBASE.dll
0x00007ffd21520000 - 0x00007ffd215c1000 	C:\WINDOWS\System32\ADVAPI32.dll
0x00007ffd1fe10000 - 0x00007ffd1feae000 	C:\WINDOWS\System32\msvcrt.dll
0x00007ffd228f0000 - 0x00007ffd2294b000 	C:\WINDOWS\System32\sechost.dll
0x00007ffd21a80000 - 0x00007ffd21ba4000 	C:\WINDOWS\System32\RPCRT4.dll
0x00007ffd22760000 - 0x00007ffd228f0000 	C:\WINDOWS\System32\USER32.dll
0x00007ffd1fdf0000 - 0x00007ffd1fe10000 	C:\WINDOWS\System32\win32u.dll
0x00007ffd22300000 - 0x00007ffd22328000 	C:\WINDOWS\System32\GDI32.dll
0x00007ffd1f3b0000 - 0x00007ffd1f542000 	C:\WINDOWS\System32\gdi32full.dll
0x00007ffd1f020000 - 0x00007ffd1f0bf000 	C:\WINDOWS\System32\msvcp_win.dll
0x00007ffd1f2b0000 - 0x00007ffd1f3aa000 	C:\WINDOWS\System32\ucrtbase.dll
0x00007ffd10830000 - 0x00007ffd10a99000 	C:\WINDOWS\WinSxS\amd64_microsoft.windows.common-controls_6595b64144ccf1df_6.0.17134.345_none_fb429a5930656358\COMCTL32.dll
0x00007ffd22430000 - 0x00007ffd22753000 	C:\WINDOWS\System32\combase.dll
0x00007ffd1fd70000 - 0x00007ffd1fdea000 	C:\WINDOWS\System32\bcryptPrimitives.dll
0x00007ffd21630000 - 0x00007ffd2165d000 	C:\WINDOWS\System32\IMM32.DLL
0x00000000725f0000 - 0x00000000726c2000 	C:\Program Files\Java\jre1.8.0_181\bin\msvcr100.dll
0x0000000071af0000 - 0x0000000072392000 	C:\Program Files\Java\jre1.8.0_181\bin\server\jvm.dll
0x00007ffd20050000 - 0x00007ffd20058000 	C:\WINDOWS\System32\PSAPI.DLL
0x00007ffd196e0000 - 0x00007ffd19703000 	C:\WINDOWS\SYSTEM32\WINMM.dll
0x00007ffd11f30000 - 0x00007ffd11f3a000 	C:\WINDOWS\SYSTEM32\VERSION.dll
0x00007ffd04880000 - 0x00007ffd04889000 	C:\WINDOWS\SYSTEM32\WSOCK32.dll
0x00007ffd21890000 - 0x00007ffd218fc000 	C:\WINDOWS\System32\WS2_32.dll
0x00007ffd196b0000 - 0x00007ffd196da000 	C:\WINDOWS\SYSTEM32\winmmbase.dll
0x00007ffd1efd0000 - 0x00007ffd1f019000 	C:\WINDOWS\System32\cfgmgr32.dll
0x0000000071a00000 - 0x0000000071a0f000 	C:\Program Files\Java\jre1.8.0_181\bin\verify.dll
0x00000000719d0000 - 0x00000000719f9000 	C:\Program Files\Java\jre1.8.0_181\bin\java.dll
0x00000000725b0000 - 0x00000000725e5000 	C:\Program Files\Java\jre1.8.0_181\bin\jdwp.dll
0x00000000725a0000 - 0x00000000725a8000 	C:\Program Files\Java\jre1.8.0_181\bin\npt.dll
0x00000000719b0000 - 0x00000000719c6000 	C:\Program Files\Java\jre1.8.0_181\bin\zip.dll
0x00007ffd200e0000 - 0x00007ffd2151f000 	C:\WINDOWS\System32\SHELL32.dll
0x00007ffd22190000 - 0x00007ffd22239000 	C:\WINDOWS\System32\shcore.dll
0x00007ffd1f550000 - 0x00007ffd1fc5d000 	C:\WINDOWS\System32\windows.storage.dll
0x00007ffd22240000 - 0x00007ffd22291000 	C:\WINDOWS\System32\shlwapi.dll
0x00007ffd1ed00000 - 0x00007ffd1ed11000 	C:\WINDOWS\System32\kernel.appcore.dll
0x00007ffd1ed30000 - 0x00007ffd1ed4f000 	C:\WINDOWS\System32\profapi.dll
0x00007ffd1ec90000 - 0x00007ffd1ecdc000 	C:\WINDOWS\System32\powrprof.dll
0x00007ffd1ed20000 - 0x00007ffd1ed2a000 	C:\WINDOWS\System32\FLTLIB.DLL
0x0000000072590000 - 0x0000000072599000 	C:\Program Files\Java\jre1.8.0_181\bin\dt_socket.dll
0x00007ffce2370000 - 0x00007ffce2386000 	C:\WINDOWS\system32\napinsp.dll
0x00007ffcd99e0000 - 0x00007ffcd99fa000 	C:\WINDOWS\system32\pnrpnsp.dll
0x00007ffd1b6e0000 - 0x00007ffd1b6f9000 	C:\WINDOWS\system32\NLAapi.dll
0x00007ffd1e510000 - 0x00007ffd1e576000 	C:\WINDOWS\System32\mswsock.dll
0x00007ffd1e2d0000 - 0x00007ffd1e38e000 	C:\WINDOWS\SYSTEM32\DNSAPI.dll
0x00007ffd22400000 - 0x00007ffd22408000 	C:\WINDOWS\System32\NSI.dll
0x00007ffd1e290000 - 0x00007ffd1e2c8000 	C:\WINDOWS\SYSTEM32\IPHLPAPI.DLL
0x00007ffcd99d0000 - 0x00007ffcd99de000 	C:\WINDOWS\System32\winrnr.dll
0x00007ffd15250000 - 0x00007ffd152c2000 	C:\WINDOWS\System32\fwpuclnt.dll
0x00007ffd1e7f0000 - 0x00007ffd1e815000 	C:\WINDOWS\SYSTEM32\bcrypt.dll
0x00007ffd14e60000 - 0x00007ffd14e6a000 	C:\Windows\System32\rasadhlp.dll
0x00007ffd1d580000 - 0x00007ffd1d749000 	C:\WINDOWS\SYSTEM32\dbghelp.dll

VM Arguments:
jvm_args: -agentlib:jdwp=transport=dt_socket,suspend=y,address=localhost:55696 -Dfile.encoding=GBK 
java_command: git.GitTest
java_class_path (initial): C:\Users\NJU\workspace\SAT\bin;C:\Users\NJU\.p2\pool\plugins\org.eclipse.core.runtime_3.12.0.v20160606-1342.jar;C:\Users\NJU\.p2\pool\plugins\org.eclipse.equinox.common_3.8.0.v20160509-1230.jar;C:\Users\NJU\.p2\pool\plugins\org.eclipse.core.resources_3.11.1.v20161107-2032.jar;C:\Users\NJU\.p2\pool\plugins\org.eclipse.core.jobs_3.8.0.v20160509-0411.jar;C:\Users\NJU\.p2\pool\plugins\org.eclipse.osgi_3.11.3.v20170209-1843.jar;C:\Users\NJU\.p2\pool\plugins\org.eclipse.core.contenttype_3.5.100.v20160418-1621.jar;C:\Users\NJU\.p2\pool\plugins\org.eclipse.equinox.preferences_3.6.1.v20160815-1406.jar;C:\Users\NJU\.p2\pool\plugins\org.eclipse.osgi.services_3.5.100.v20160504-1419.jar;C:\Users\NJU\.p2\pool\plugins\org.eclipse.jdt.core_3.12.3.v20170228-1205.jar
Launcher Type: SUN_STANDARD

Environment Variables:
JAVA_HOME=C:\Program Files\Java\jdk1.8.0_111
CLASSPATH=.;C:\Program Files\Java\jdk1.8.0_111\lib;C:\Program Files\Java\jdk1.8.0_111\lib\tools.jar;C:\Program Files\apache-ant-1.9.9\lib;.;..;E:\TIJ4
PATH=C:/Program Files/Java/jre1.8.0_181/bin/server;C:/Program Files/Java/jre1.8.0_181/bin;C:/Program Files/Java/jre1.8.0_181/lib/amd64;C:\Python27\;C:\Python27\Scripts;C:\Program Files (x86)\Common Files\Oracle\Java\javapath;C:\ProgramData\Oracle\Java\javapath;C:\Program Files (x86)\Intel\iCLS Client\;C:\Program Files\Intel\iCLS Client\;C:\Windows\system32;C:\Windows;C:\Windows\System32\Wbem;C:\Windows\System32\WindowsPowerShell\v1.0\;C:\Program Files (x86)\Intel\Intel(R) Management Engine Components\DAL;C:\Program Files\Intel\Intel(R) Management Engine Components\DAL;C:\Program Files (x86)\Intel\Intel(R) Management Engine Components\IPT;C:\Program Files\Intel\Intel(R) Management Engine Components\IPT;C:\Program Files (x86)\NVIDIA Corporation\PhysX\Common;C:\Program Files\Intel\WiFi\bin\;C:\Program Files\Common Files\Intel\WirelessCommon\;C:\Program Files\Microsoft SQL Server\110\Tools\Binn\;C:\Program Files\Java\jdk1.8.0_111\bin;C:\Program Files\Java\jdk1.8.0_111\jre\bin;C:\Program Files (x86)\Microsoft SQL Server\Client SDK\ODBC\110\Tools\Binn\;C:\Program Files (x86)\Microsoft SQL Server\120\Tools\Binn\;C:\Program Files (x86)\Microsoft SQL Server\120\DTS\Binn\;C:\Program Files (x86)\Microsoft SQL Server\120\Tools\Binn\ManagementStudio\;C:\Program Files (x86)\Windows Kits\10\Windows Performance Toolkit\;C:\WINDOWS\system32;C:\WINDOWS;C:\WINDOWS\System32\Wbem;C:\WINDOWS\System32\WindowsPowerShell\v1.0\;C:\Program Files\apache-ant-1.9.9\bin;C:\Program Files\Git\cmd;C:\WINDOWS\System32\OpenSSH\;C:\Program Files\Microsoft SQL Server\130\Tools\Binn\;D:\z3_x64\z3\build\python;C:\Users\NJU\AppData\Local\Microsoft\WindowsApps;C:\Program Files (x86)\Microsoft VS Code\bin;C:\Users\NJU\AppData\Local\Microsoft\WindowsApps;;C:\Users\NJU\eclipse\java-neon2\eclipse;
USERNAME=NJU
OS=Windows_NT
PROCESSOR_IDENTIFIER=Intel64 Family 6 Model 94 Stepping 3, GenuineIntel



---------------  S Y S T E M  ---------------

OS: Windows 10.0 , 64 bit Build 17134 (10.0.17134.1)

CPU:total 4 (initial active 4) (4 cores per cpu, 1 threads per core) family 6 model 94 stepping 3, cmov, cx8, fxsr, mmx, sse, sse2, sse3, ssse3, sse4.1, sse4.2, popcnt, avx, avx2, aes, clmul, erms, rtm, 3dnowpref, lzcnt, tsc, tscinvbit, bmi1, bmi2, adx

Memory: 4k page, physical 16567276k(9210112k free), swap 17615852k(7306096k free)

vm_info: Java HotSpot(TM) 64-Bit Server VM (25.181-b13) for windows-amd64 JRE (1.8.0_181-b13), built on Jul  7 2018 04:01:33 by "java_re" with MS VC++ 10.0 (VS2010)

time: Sun Oct 28 22:18:33 2018
elapsed time: 1627 seconds (0d 0h 27m 7s)

